<?xml version="1.0" encoding="UTF-8"?>
<!-- Generated by org.testng.reporters.JUnitXMLReporter -->
<testsuite hostname="Amey" ignored="0" name="Default test" tests="3" failures="0" timestamp="2021-11-22T12:51:43 IST" time="16.378" errors="0">
  <testcase name="validateAddressDisplayTest" time="0.181" classname="com.testcases.LoginPageTest"/>
  <testcase name="validateLogin" time="5.157" classname="com.testcases.LoginPageTest"/>
  <testcase name="validateTitleTest" time="0.018" classname="com.testcases.LoginPageTest"/>
</testsuite> <!-- Default test -->
