<?xml version="1.0" encoding="UTF-8"?>
<testng-results skipped="0" failed="0" ignored="0" total="3" passed="3">
  <reporter-output>
  </reporter-output>
  <suite name="Default suite" duration-ms="16378" started-at="2021-11-22T12:51:26 IST" finished-at="2021-11-22T12:51:43 IST">
    <groups>
    </groups>
    <test name="Default test" duration-ms="16378" started-at="2021-11-22T12:51:26 IST" finished-at="2021-11-22T12:51:43 IST">
      <class name="com.testcases.LoginPageTest">
        <test-method status="PASS" signature="Reportsetup()[pri:0, instance:com.testcases.LoginPageTest@4eb7f003]" name="Reportsetup" is-config="true" duration-ms="257" started-at="2021-11-22T12:51:26 IST" finished-at="2021-11-22T12:51:27 IST">
          <reporter-output>
          </reporter-output>
        </test-method> <!-- Reportsetup -->
        <test-method status="PASS" signature="setup()[pri:0, instance:com.testcases.LoginPageTest@4eb7f003]" name="setup" is-config="true" duration-ms="3362" started-at="2021-11-22T12:51:27 IST" finished-at="2021-11-22T12:51:30 IST">
          <reporter-output>
          </reporter-output>
        </test-method> <!-- setup -->
        <test-method status="PASS" signature="validateAddressDisplayTest()[pri:0, instance:com.testcases.LoginPageTest@4eb7f003]" name="validateAddressDisplayTest" duration-ms="181" started-at="2021-11-22T12:51:30 IST" finished-at="2021-11-22T12:51:30 IST">
          <reporter-output>
          </reporter-output>
        </test-method> <!-- validateAddressDisplayTest -->
        <test-method status="PASS" signature="close1()[pri:0, instance:com.testcases.LoginPageTest@4eb7f003]" name="close1" is-config="true" duration-ms="607" started-at="2021-11-22T12:51:30 IST" finished-at="2021-11-22T12:51:31 IST">
          <reporter-output>
          </reporter-output>
        </test-method> <!-- close1 -->
        <test-method status="PASS" signature="setup()[pri:0, instance:com.testcases.LoginPageTest@4eb7f003]" name="setup" is-config="true" duration-ms="2526" started-at="2021-11-22T12:51:31 IST" finished-at="2021-11-22T12:51:33 IST">
          <reporter-output>
          </reporter-output>
        </test-method> <!-- setup -->
        <test-method status="PASS" signature="validateLogin()[pri:0, instance:com.testcases.LoginPageTest@4eb7f003]" name="validateLogin" duration-ms="5157" started-at="2021-11-22T12:51:33 IST" finished-at="2021-11-22T12:51:38 IST">
          <reporter-output>
          </reporter-output>
        </test-method> <!-- validateLogin -->
        <test-method status="PASS" signature="close1()[pri:0, instance:com.testcases.LoginPageTest@4eb7f003]" name="close1" is-config="true" duration-ms="663" started-at="2021-11-22T12:51:38 IST" finished-at="2021-11-22T12:51:39 IST">
          <reporter-output>
          </reporter-output>
        </test-method> <!-- close1 -->
        <test-method status="PASS" signature="setup()[pri:0, instance:com.testcases.LoginPageTest@4eb7f003]" name="setup" is-config="true" duration-ms="2583" started-at="2021-11-22T12:51:39 IST" finished-at="2021-11-22T12:51:42 IST">
          <reporter-output>
          </reporter-output>
        </test-method> <!-- setup -->
        <test-method status="PASS" signature="validateTitleTest()[pri:0, instance:com.testcases.LoginPageTest@4eb7f003]" name="validateTitleTest" duration-ms="18" started-at="2021-11-22T12:51:42 IST" finished-at="2021-11-22T12:51:42 IST">
          <reporter-output>
          </reporter-output>
        </test-method> <!-- validateTitleTest -->
        <test-method status="PASS" signature="close1()[pri:0, instance:com.testcases.LoginPageTest@4eb7f003]" name="close1" is-config="true" duration-ms="623" started-at="2021-11-22T12:51:42 IST" finished-at="2021-11-22T12:51:42 IST">
          <reporter-output>
          </reporter-output>
        </test-method> <!-- close1 -->
        <test-method status="PASS" signature="GenerateReport()[pri:0, instance:com.testcases.LoginPageTest@4eb7f003]" name="GenerateReport" is-config="true" duration-ms="354" started-at="2021-11-22T12:51:42 IST" finished-at="2021-11-22T12:51:43 IST">
          <reporter-output>
          </reporter-output>
        </test-method> <!-- GenerateReport -->
      </class> <!-- com.testcases.LoginPageTest -->
    </test> <!-- Default test -->
  </suite> <!-- Default suite -->
</testng-results>
