<?xml version="1.0" encoding="UTF-8"?>
<testng-results skipped="0" failed="0" ignored="0" total="1" passed="1">
  <reporter-output>
  </reporter-output>
  <suite name="Default suite" duration-ms="1222" started-at="2021-11-24T12:56:29 IST" finished-at="2021-11-24T12:56:31 IST">
    <groups>
    </groups>
    <test name="Default test" duration-ms="1222" started-at="2021-11-24T12:56:29 IST" finished-at="2021-11-24T12:56:31 IST">
      <class name="APITesting.Get_API_Test">
        <test-method status="PASS" signature="get_Test()[pri:0, instance:APITesting.Get_API_Test@6121c9d6]" name="get_Test" duration-ms="1197" started-at="2021-11-24T12:56:30 IST" finished-at="2021-11-24T12:56:31 IST">
          <reporter-output>
          </reporter-output>
        </test-method> <!-- get_Test -->
      </class> <!-- APITesting.Get_API_Test -->
    </test> <!-- Default test -->
  </suite> <!-- Default suite -->
</testng-results>
