<?xml version="1.0" encoding="UTF-8"?>
<testng-results skipped="0" failed="0" ignored="0" total="2" passed="2">
  <reporter-output>
  </reporter-output>
  <suite name="Default suite" duration-ms="18843" started-at="2021-11-18T23:59:13 IST" finished-at="2021-11-18T23:59:32 IST">
    <groups>
    </groups>
    <test name="Default test" duration-ms="18843" started-at="2021-11-18T23:59:13 IST" finished-at="2021-11-18T23:59:32 IST">
      <class name="com.testcase.LoginPageTest">
        <test-method status="PASS" signature="setup1()[pri:0, instance:com.testcase.LoginPageTest@1877ab81]" name="setup1" is-config="true" duration-ms="7460" started-at="2021-11-18T23:59:13 IST" finished-at="2021-11-18T23:59:20 IST">
          <reporter-output>
          </reporter-output>
        </test-method> <!-- setup1 -->
        <test-method status="PASS" signature="validateLogin()[pri:0, instance:com.testcase.LoginPageTest@1877ab81]" name="validateLogin" duration-ms="4540" started-at="2021-11-18T23:59:20 IST" finished-at="2021-11-18T23:59:25 IST">
          <reporter-output>
          </reporter-output>
        </test-method> <!-- validateLogin -->
        <test-method status="PASS" signature="closeSetup()[pri:0, instance:com.testcase.LoginPageTest@1877ab81]" name="closeSetup" is-config="true" duration-ms="645" started-at="2021-11-18T23:59:25 IST" finished-at="2021-11-18T23:59:26 IST">
          <reporter-output>
          </reporter-output>
        </test-method> <!-- closeSetup -->
        <test-method status="PASS" signature="setup1()[pri:0, instance:com.testcase.LoginPageTest@1877ab81]" name="setup1" is-config="true" duration-ms="5571" started-at="2021-11-18T23:59:26 IST" finished-at="2021-11-18T23:59:31 IST">
          <reporter-output>
          </reporter-output>
        </test-method> <!-- setup1 -->
        <test-method status="PASS" signature="validateTitle()[pri:0, instance:com.testcase.LoginPageTest@1877ab81]" name="validateTitle" duration-ms="4" started-at="2021-11-18T23:59:31 IST" finished-at="2021-11-18T23:59:31 IST">
          <reporter-output>
          </reporter-output>
        </test-method> <!-- validateTitle -->
        <test-method status="PASS" signature="closeSetup()[pri:0, instance:com.testcase.LoginPageTest@1877ab81]" name="closeSetup" is-config="true" duration-ms="596" started-at="2021-11-18T23:59:31 IST" finished-at="2021-11-18T23:59:32 IST">
          <reporter-output>
          </reporter-output>
        </test-method> <!-- closeSetup -->
      </class> <!-- com.testcase.LoginPageTest -->
    </test> <!-- Default test -->
  </suite> <!-- Default suite -->
</testng-results>
