<?xml version="1.0" encoding="UTF-8"?>
<!-- Generated by org.testng.reporters.JUnitXMLReporter -->
<testsuite hostname="Amey" ignored="5" name="Test" tests="4" failures="0" timestamp="2021-11-17T17:53:02 IST" time="0.05" errors="0">
  <testcase name="mobileLogin" time="0.008" classname="tESTNGBASICS.MobileTesting"/>
  <testcase name="SmokeTC1" time="0.001" classname="tESTNGBASICS.TestNGDemo"/>
  <testcase name="validateLogin" time="0.003" classname="tESTNGBASICS.TestNGDemo"/>
  <testcase name="webLogin" time="0.001" classname="tESTNGBASICS.WebTesting"/>
  <testcase name="resetPassword" time="0.0" classname="tESTNGBASICS.TestNGDemo">
    <ignored/>
  </testcase> <!-- resetPassword -->
  <testcase name="skippingTC" time="0.0" classname="tESTNGBASICS.TestNGDemo">
    <ignored/>
  </testcase> <!-- skippingTC -->
  <testcase name="validateHomePage" time="0.0" classname="tESTNGBASICS.TestNGDemo">
    <ignored/>
  </testcase> <!-- validateHomePage -->
  <testcase name="sendmobilerequest" time="0.0" classname="tESTNGBASICS.MobileTesting">
    <ignored/>
  </testcase> <!-- sendmobilerequest -->
  <testcase name="SendRequest" time="0.0" classname="tESTNGBASICS.WebTesting">
    <ignored/>
  </testcase> <!-- SendRequest -->
</testsuite> <!-- Test -->
