<?xml version="1.0" encoding="UTF-8"?>
<!-- Generated by org.testng.reporters.JUnitXMLReporter -->
<testsuite hostname="Amey" ignored="2" name="Test" tests="1" failures="0" timestamp="2021-11-18T18:15:34 IST" time="8.522" errors="0">
  <testcase name="validateLoginTestUsingParameters" time="1.265" classname="com.testcases.LoginPageTest"/>
  <testcase name="validateTitleTest" time="0.0" classname="com.testcases.LoginPageTest">
    <ignored/>
  </testcase> <!-- validateTitleTest -->
  <testcase name="validateLoginTest" time="0.0" classname="com.testcases.LoginPageTest">
    <ignored/>
  </testcase> <!-- validateLoginTest -->
</testsuite> <!-- Test -->
